26-Jan-2023 14:45:19.400 INFO [main] org.apache.catalina.startup.VersionLoggerListener.log Server version:        Apache Tomcat/8.0.20
26-Jan-2023 14:45:19.404 INFO [main] org.apache.catalina.startup.VersionLoggerListener.log Server built:          Feb 15 2015 18:10:42 UTC
26-Jan-2023 14:45:19.404 INFO [main] org.apache.catalina.startup.VersionLoggerListener.log Server number:         8.0.20.0
26-Jan-2023 14:45:19.404 INFO [main] org.apache.catalina.startup.VersionLoggerListener.log OS Name:               Linux
26-Jan-2023 14:45:19.405 INFO [main] org.apache.catalina.startup.VersionLoggerListener.log OS Version:            5.15.0-1028-aws
26-Jan-2023 14:45:19.406 INFO [main] org.apache.catalina.startup.VersionLoggerListener.log Architecture:          amd64
26-Jan-2023 14:45:19.407 INFO [main] org.apache.catalina.startup.VersionLoggerListener.log Java Home:             /usr/lib/jvm/java-8-openjdk-amd64/jre
26-Jan-2023 14:45:19.407 INFO [main] org.apache.catalina.startup.VersionLoggerListener.log JVM Version:           1.8.0_40-internal-b27
26-Jan-2023 14:45:19.407 INFO [main] org.apache.catalina.startup.VersionLoggerListener.log JVM Vendor:            Oracle Corporation
26-Jan-2023 14:45:19.408 INFO [main] org.apache.catalina.startup.VersionLoggerListener.log CATALINA_BASE:         /usr/local/tomcat
26-Jan-2023 14:45:19.408 INFO [main] org.apache.catalina.startup.VersionLoggerListener.log CATALINA_HOME:         /usr/local/tomcat
26-Jan-2023 14:45:19.410 INFO [main] org.apache.catalina.startup.VersionLoggerListener.log Command line argument: -Djava.util.logging.config.file=/usr/local/tomcat/conf/logging.properties
26-Jan-2023 14:45:19.414 INFO [main] org.apache.catalina.startup.VersionLoggerListener.log Command line argument: -Djava.util.logging.manager=org.apache.juli.ClassLoaderLogManager
26-Jan-2023 14:45:19.415 INFO [main] org.apache.catalina.startup.VersionLoggerListener.log Command line argument: -Djava.endorsed.dirs=/usr/local/tomcat/endorsed
26-Jan-2023 14:45:19.415 INFO [main] org.apache.catalina.startup.VersionLoggerListener.log Command line argument: -Dcatalina.base=/usr/local/tomcat
26-Jan-2023 14:45:19.416 INFO [main] org.apache.catalina.startup.VersionLoggerListener.log Command line argument: -Dcatalina.home=/usr/local/tomcat
26-Jan-2023 14:45:19.416 INFO [main] org.apache.catalina.startup.VersionLoggerListener.log Command line argument: -Djava.io.tmpdir=/usr/local/tomcat/temp
26-Jan-2023 14:45:19.416 INFO [main] org.apache.catalina.core.AprLifecycleListener.lifecycleEvent The APR based Apache Tomcat Native library which allows optimal performance in production environments was not found on the java.library.path: /usr/java/packages/lib/amd64:/usr/lib/x86_64-linux-gnu/jni:/lib/x86_64-linux-gnu:/usr/lib/x86_64-linux-gnu:/usr/lib/jni:/lib:/usr/lib
26-Jan-2023 14:45:19.573 INFO [main] org.apache.coyote.AbstractProtocol.init Initializing ProtocolHandler ["http-nio-8080"]
26-Jan-2023 14:45:19.604 INFO [main] org.apache.tomcat.util.net.NioSelectorPool.getSharedSelector Using a shared selector for servlet write/read
26-Jan-2023 14:45:19.606 INFO [main] org.apache.coyote.AbstractProtocol.init Initializing ProtocolHandler ["ajp-nio-8009"]
26-Jan-2023 14:45:19.608 INFO [main] org.apache.tomcat.util.net.NioSelectorPool.getSharedSelector Using a shared selector for servlet write/read
26-Jan-2023 14:45:19.609 INFO [main] org.apache.catalina.startup.Catalina.load Initialization processed in 974 ms
26-Jan-2023 14:45:19.656 INFO [main] org.apache.catalina.core.StandardService.startInternal Starting service Catalina
26-Jan-2023 14:45:19.656 INFO [main] org.apache.catalina.core.StandardEngine.startInternal Starting Servlet Engine: Apache Tomcat/8.0.20
26-Jan-2023 14:45:19.703 INFO [localhost-startStop-1] org.apache.catalina.startup.HostConfig.deployWAR Deploying web application archive /usr/local/tomcat/webapps/maven-web-application.war
26-Jan-2023 14:45:21.483 INFO [localhost-startStop-1] null.null Root WebApplicationContext: initialization started
26-Jan-2023 14:45:23.183 INFO [localhost-startStop-1] null.null Root WebApplicationContext initialized in 1692 ms
26-Jan-2023 14:45:23.219 INFO [localhost-startStop-1] null.null Initializing Servlet 'mt'
26-Jan-2023 14:45:23.475 INFO [localhost-startStop-1] null.null Completed initialization in 256 ms
26-Jan-2023 14:45:23.496 INFO [localhost-startStop-1] org.apache.catalina.startup.HostConfig.deployWAR Deployment of web application archive /usr/local/tomcat/webapps/maven-web-application.war has finished in 3,793 ms
26-Jan-2023 14:45:23.497 INFO [localhost-startStop-1] org.apache.catalina.startup.HostConfig.deployDirectory Deploying web application directory /usr/local/tomcat/webapps/manager
26-Jan-2023 14:45:23.554 INFO [localhost-startStop-1] org.apache.catalina.startup.HostConfig.deployDirectory Deployment of web application directory /usr/local/tomcat/webapps/manager has finished in 57 ms
26-Jan-2023 14:45:23.555 INFO [localhost-startStop-1] org.apache.catalina.startup.HostConfig.deployDirectory Deploying web application directory /usr/local/tomcat/webapps/docs
26-Jan-2023 14:45:23.588 INFO [localhost-startStop-1] org.apache.catalina.startup.HostConfig.deployDirectory Deployment of web application directory /usr/local/tomcat/webapps/docs has finished in 33 ms
26-Jan-2023 14:45:23.588 INFO [localhost-startStop-1] org.apache.catalina.startup.HostConfig.deployDirectory Deploying web application directory /usr/local/tomcat/webapps/examples
26-Jan-2023 14:45:24.003 INFO [localhost-startStop-1] org.apache.catalina.startup.HostConfig.deployDirectory Deployment of web application directory /usr/local/tomcat/webapps/examples has finished in 415 ms
26-Jan-2023 14:45:24.004 INFO [localhost-startStop-1] org.apache.catalina.startup.HostConfig.deployDirectory Deploying web application directory /usr/local/tomcat/webapps/host-manager
26-Jan-2023 14:45:24.043 INFO [localhost-startStop-1] org.apache.catalina.startup.HostConfig.deployDirectory Deployment of web application directory /usr/local/tomcat/webapps/host-manager has finished in 39 ms
26-Jan-2023 14:45:24.044 INFO [localhost-startStop-1] org.apache.catalina.startup.HostConfig.deployDirectory Deploying web application directory /usr/local/tomcat/webapps/ROOT
26-Jan-2023 14:45:24.075 INFO [localhost-startStop-1] org.apache.catalina.startup.HostConfig.deployDirectory Deployment of web application directory /usr/local/tomcat/webapps/ROOT has finished in 30 ms
26-Jan-2023 14:45:24.081 INFO [main] org.apache.coyote.AbstractProtocol.start Starting ProtocolHandler ["http-nio-8080"]
26-Jan-2023 14:45:24.091 INFO [main] org.apache.coyote.AbstractProtocol.start Starting ProtocolHandler ["ajp-nio-8009"]
26-Jan-2023 14:45:24.098 INFO [main] org.apache.catalina.startup.Catalina.start Server startup in 4488 ms
26-Jan-2023 14:51:10.565 INFO [main] org.apache.catalina.startup.VersionLoggerListener.log Server version:        Apache Tomcat/8.0.20
26-Jan-2023 14:51:10.572 INFO [main] org.apache.catalina.startup.VersionLoggerListener.log Server built:          Feb 15 2015 18:10:42 UTC
26-Jan-2023 14:51:10.572 INFO [main] org.apache.catalina.startup.VersionLoggerListener.log Server number:         8.0.20.0
26-Jan-2023 14:51:10.572 INFO [main] org.apache.catalina.startup.VersionLoggerListener.log OS Name:               Linux
26-Jan-2023 14:51:10.573 INFO [main] org.apache.catalina.startup.VersionLoggerListener.log OS Version:            5.15.0-1028-aws
26-Jan-2023 14:51:10.573 INFO [main] org.apache.catalina.startup.VersionLoggerListener.log Architecture:          amd64
26-Jan-2023 14:51:10.573 INFO [main] org.apache.catalina.startup.VersionLoggerListener.log Java Home:             /usr/lib/jvm/java-8-openjdk-amd64/jre
26-Jan-2023 14:51:10.574 INFO [main] org.apache.catalina.startup.VersionLoggerListener.log JVM Version:           1.8.0_40-internal-b27
26-Jan-2023 14:51:10.574 INFO [main] org.apache.catalina.startup.VersionLoggerListener.log JVM Vendor:            Oracle Corporation
26-Jan-2023 14:51:10.574 INFO [main] org.apache.catalina.startup.VersionLoggerListener.log CATALINA_BASE:         /usr/local/tomcat
26-Jan-2023 14:51:10.575 INFO [main] org.apache.catalina.startup.VersionLoggerListener.log CATALINA_HOME:         /usr/local/tomcat
26-Jan-2023 14:51:10.576 INFO [main] org.apache.catalina.startup.VersionLoggerListener.log Command line argument: -Djava.util.logging.config.file=/usr/local/tomcat/conf/logging.properties
26-Jan-2023 14:51:10.576 INFO [main] org.apache.catalina.startup.VersionLoggerListener.log Command line argument: -Djava.util.logging.manager=org.apache.juli.ClassLoaderLogManager
26-Jan-2023 14:51:10.576 INFO [main] org.apache.catalina.startup.VersionLoggerListener.log Command line argument: -Djava.endorsed.dirs=/usr/local/tomcat/endorsed
26-Jan-2023 14:51:10.582 INFO [main] org.apache.catalina.startup.VersionLoggerListener.log Command line argument: -Dcatalina.base=/usr/local/tomcat
26-Jan-2023 14:51:10.583 INFO [main] org.apache.catalina.startup.VersionLoggerListener.log Command line argument: -Dcatalina.home=/usr/local/tomcat
26-Jan-2023 14:51:10.583 INFO [main] org.apache.catalina.startup.VersionLoggerListener.log Command line argument: -Djava.io.tmpdir=/usr/local/tomcat/temp
26-Jan-2023 14:51:10.584 INFO [main] org.apache.catalina.core.AprLifecycleListener.lifecycleEvent The APR based Apache Tomcat Native library which allows optimal performance in production environments was not found on the java.library.path: /usr/java/packages/lib/amd64:/usr/lib/x86_64-linux-gnu/jni:/lib/x86_64-linux-gnu:/usr/lib/x86_64-linux-gnu:/usr/lib/jni:/lib:/usr/lib
26-Jan-2023 14:51:10.778 INFO [main] org.apache.coyote.AbstractProtocol.init Initializing ProtocolHandler ["http-nio-8080"]
26-Jan-2023 14:51:10.825 INFO [main] org.apache.tomcat.util.net.NioSelectorPool.getSharedSelector Using a shared selector for servlet write/read
26-Jan-2023 14:51:10.834 INFO [main] org.apache.coyote.AbstractProtocol.init Initializing ProtocolHandler ["ajp-nio-8009"]
26-Jan-2023 14:51:10.836 INFO [main] org.apache.tomcat.util.net.NioSelectorPool.getSharedSelector Using a shared selector for servlet write/read
26-Jan-2023 14:51:10.837 INFO [main] org.apache.catalina.startup.Catalina.load Initialization processed in 1023 ms
26-Jan-2023 14:51:10.886 INFO [main] org.apache.catalina.core.StandardService.startInternal Starting service Catalina
26-Jan-2023 14:51:10.886 INFO [main] org.apache.catalina.core.StandardEngine.startInternal Starting Servlet Engine: Apache Tomcat/8.0.20
26-Jan-2023 14:51:10.946 INFO [localhost-startStop-1] org.apache.catalina.startup.HostConfig.deployWAR Deploying web application archive /usr/local/tomcat/webapps/maven-web-application.war
26-Jan-2023 14:51:12.696 INFO [localhost-startStop-1] null.null Root WebApplicationContext: initialization started
26-Jan-2023 14:51:14.427 INFO [localhost-startStop-1] null.null Root WebApplicationContext initialized in 1725 ms
26-Jan-2023 14:51:14.470 INFO [localhost-startStop-1] null.null Initializing Servlet 'mt'
26-Jan-2023 14:51:14.725 INFO [localhost-startStop-1] null.null Completed initialization in 255 ms
26-Jan-2023 14:51:14.751 INFO [localhost-startStop-1] org.apache.catalina.startup.HostConfig.deployWAR Deployment of web application archive /usr/local/tomcat/webapps/maven-web-application.war has finished in 3,796 ms
26-Jan-2023 14:51:14.753 INFO [localhost-startStop-1] org.apache.catalina.startup.HostConfig.deployDirectory Deploying web application directory /usr/local/tomcat/webapps/manager
26-Jan-2023 14:51:14.814 INFO [localhost-startStop-1] org.apache.catalina.startup.HostConfig.deployDirectory Deployment of web application directory /usr/local/tomcat/webapps/manager has finished in 61 ms
26-Jan-2023 14:51:14.815 INFO [localhost-startStop-1] org.apache.catalina.startup.HostConfig.deployDirectory Deploying web application directory /usr/local/tomcat/webapps/docs
26-Jan-2023 14:51:14.848 INFO [localhost-startStop-1] org.apache.catalina.startup.HostConfig.deployDirectory Deployment of web application directory /usr/local/tomcat/webapps/docs has finished in 33 ms
26-Jan-2023 14:51:14.849 INFO [localhost-startStop-1] org.apache.catalina.startup.HostConfig.deployDirectory Deploying web application directory /usr/local/tomcat/webapps/examples
26-Jan-2023 14:51:15.307 INFO [localhost-startStop-1] org.apache.catalina.startup.HostConfig.deployDirectory Deployment of web application directory /usr/local/tomcat/webapps/examples has finished in 458 ms
26-Jan-2023 14:51:15.308 INFO [localhost-startStop-1] org.apache.catalina.startup.HostConfig.deployDirectory Deploying web application directory /usr/local/tomcat/webapps/host-manager
26-Jan-2023 14:51:15.343 INFO [localhost-startStop-1] org.apache.catalina.startup.HostConfig.deployDirectory Deployment of web application directory /usr/local/tomcat/webapps/host-manager has finished in 35 ms
26-Jan-2023 14:51:15.345 INFO [localhost-startStop-1] org.apache.catalina.startup.HostConfig.deployDirectory Deploying web application directory /usr/local/tomcat/webapps/ROOT
26-Jan-2023 14:51:15.376 INFO [localhost-startStop-1] org.apache.catalina.startup.HostConfig.deployDirectory Deployment of web application directory /usr/local/tomcat/webapps/ROOT has finished in 32 ms
26-Jan-2023 14:51:15.387 INFO [main] org.apache.coyote.AbstractProtocol.start Starting ProtocolHandler ["http-nio-8080"]
26-Jan-2023 14:51:15.406 INFO [main] org.apache.coyote.AbstractProtocol.start Starting ProtocolHandler ["ajp-nio-8009"]
26-Jan-2023 14:51:15.407 INFO [main] org.apache.catalina.startup.Catalina.start Server startup in 4569 ms
